[0.009s] Invoking command in '/home/xjturm/DX_autoaim/ros2/build/rm_dx_vision': CMAKE_PREFIX_PATH=/opt/ros/humble /usr/bin/cmake /home/xjturm/DX_autoaim/ros2/src/rm_dx_vision -DCMAKE_BUILD_TYPE=Release -DAMENT_CMAKE_SYMLINK_INSTALL=1 -DCMAKE_INSTALL_PREFIX=/home/xjturm/DX_autoaim/ros2/install/rm_dx_vision
[0.019s] -- Found ament_cmake: 1.3.12 (/opt/ros/humble/share/ament_cmake/cmake)
[0.109s] -- Override CMake install command with custom implementation using symlinks instead of copying resources
[0.116s] -- Found rclcpp: 16.0.15 (/opt/ros/humble/share/rclcpp/cmake)
[0.135s] -- Found rosidl_generator_c: 3.1.7 (/opt/ros/humble/share/rosidl_generator_c/cmake)
[0.137s] -- Found rosidl_adapter: 3.1.7 (/opt/ros/humble/share/rosidl_adapter/cmake)
[0.140s] -- Found rosidl_generator_cpp: 3.1.7 (/opt/ros/humble/share/rosidl_generator_cpp/cmake)
[0.145s] -- Using all available rosidl_typesupport_c: rosidl_typesupport_fastrtps_c;rosidl_typesupport_introspection_c
[0.152s] -- Using all available rosidl_typesupport_cpp: rosidl_typesupport_fastrtps_cpp;rosidl_typesupport_introspection_cpp
[0.170s] -- Found rmw_implementation_cmake: 6.1.2 (/opt/ros/humble/share/rmw_implementation_cmake/cmake)
[0.170s] -- Found rmw_fastrtps_cpp: 6.2.8 (/opt/ros/humble/share/rmw_fastrtps_cpp/cmake)
[0.235s] -- Using RMW implementation 'rmw_fastrtps_cpp' as default
[0.262s] -- Found sensor_msgs: 4.9.0 (/opt/ros/humble/share/sensor_msgs/cmake)
[0.277s] -- Found cv_bridge: 3.2.1 (/opt/ros/humble/share/cv_bridge/cmake)
[0.283s] -- Found installed version of Eigen: /usr/share/eigen3/cmake
[0.284s] -- Found required Ceres dependency: Eigen version 3.4.0 in /usr/include/eigen3
[0.285s] -- Found installed version of glog: /usr/lib/x86_64-linux-gnu/cmake/glog
[0.285s] -- Detected glog version: 0.4.0
[0.285s] -- Found required Ceres dependency: glog
[0.286s] -- Found installed version of gflags: /usr/lib/x86_64-linux-gnu/cmake/gflags
[0.286s] -- Detected gflags version: 2.2.2
[0.287s] -- Found required Ceres dependency: gflags
[0.287s] -- Found Ceres version: 1.14.0 installed in: /usr/local with components: [EigenSparse, SparseLinearAlgebraLibrary, LAPACK, SuiteSparse, CXSparse, SchurSpecializations, OpenMP, Multithreading]
[0.334s] -- Configuring done
[0.335s] [31mCMake Error at CMakeLists.txt:63 (add_library):
[0.335s]   Cannot find source file:
[0.335s] 
[0.335s]     /home/ovalene/DX_autoaim/windmill/src/WMIdentify.cpp
[0.335s] 
[0.335s]   Tried extensions .c .C .c++ .cc .cpp .cxx .cu .mpp .m .M .mm .ixx .cppm .h
[0.335s]   .hh .h++ .hm .hpp .hxx .in .txx .f .F .for .f77 .f90 .f95 .f03 .hip .ispc
[0.335s] 
[0.336s] [0m
[0.336s] [31mCMake Error at CMakeLists.txt:63 (add_library):
[0.336s]   No SOURCES given to target: rm_dx_vision
[0.336s] 
[0.336s] [0m
[0.336s] [0mCMake Generate step failed.  Build files cannot be regenerated correctly.[0m
[0.342s] Invoked command in '/home/xjturm/DX_autoaim/ros2/build/rm_dx_vision' returned '1': CMAKE_PREFIX_PATH=/opt/ros/humble /usr/bin/cmake /home/xjturm/DX_autoaim/ros2/src/rm_dx_vision -DCMAKE_BUILD_TYPE=Release -DAMENT_CMAKE_SYMLINK_INSTALL=1 -DCMAKE_INSTALL_PREFIX=/home/xjturm/DX_autoaim/ros2/install/rm_dx_vision
