[0.009s] Invoking command in '/home/xjturm/DX_autoaim/ros2/build/rm_dx_vision': CMAKE_PREFIX_PATH=/opt/ros/humble /usr/bin/cmake /home/xjturm/DX_autoaim/ros2/src/rm_dx_vision -DCMAKE_BUILD_TYPE=Release -DAMENT_CMAKE_SYMLINK_INSTALL=1 -DCMAKE_INSTALL_PREFIX=/home/xjturm/DX_autoaim/ros2/install/rm_dx_vision
[0.071s] -- The C compiler identification is GNU 11.4.0
[0.133s] -- The CXX compiler identification is GNU 11.4.0
[0.138s] -- Detecting C compiler ABI info
[0.186s] -- Detecting C compiler ABI info - done
[0.191s] -- Check for working C compiler: /usr/bin/cc - skipped
[0.191s] -- Detecting C compile features
[0.191s] -- Detecting C compile features - done
[0.194s] -- Detecting CXX compiler ABI info
[0.249s] -- Detecting CXX compiler ABI info - done
[0.254s] -- Check for working CXX compiler: /usr/bin/c++ - skipped
[0.254s] -- Detecting CXX compile features
[0.254s] -- Detecting CXX compile features - done
[0.256s] -- Found ament_cmake: 1.3.12 (/opt/ros/humble/share/ament_cmake/cmake)
[0.358s] -- Found Python3: /usr/bin/python3 (found version "3.10.12") found components: Interpreter 
[0.403s] -- Override CMake install command with custom implementation using symlinks instead of copying resources
[0.423s] -- Found rclcpp: 16.0.15 (/opt/ros/humble/share/rclcpp/cmake)
[0.456s] -- Found rosidl_generator_c: 3.1.7 (/opt/ros/humble/share/rosidl_generator_c/cmake)
[0.459s] -- Found rosidl_adapter: 3.1.7 (/opt/ros/humble/share/rosidl_adapter/cmake)
[0.466s] -- Found rosidl_generator_cpp: 3.1.7 (/opt/ros/humble/share/rosidl_generator_cpp/cmake)
[0.475s] -- Using all available rosidl_typesupport_c: rosidl_typesupport_fastrtps_c;rosidl_typesupport_introspection_c
[0.488s] -- Using all available rosidl_typesupport_cpp: rosidl_typesupport_fastrtps_cpp;rosidl_typesupport_introspection_cpp
[0.520s] -- Found rmw_implementation_cmake: 6.1.2 (/opt/ros/humble/share/rmw_implementation_cmake/cmake)
[0.522s] -- Found rmw_fastrtps_cpp: 6.2.8 (/opt/ros/humble/share/rmw_fastrtps_cpp/cmake)
[0.583s] -- Found OpenSSL: /usr/lib/x86_64-linux-gnu/libcrypto.so (found version "3.0.2")  
[0.603s] -- Found FastRTPS: /opt/ros/humble/include  
[0.632s] -- Using RMW implementation 'rmw_fastrtps_cpp' as default
[0.637s] -- Looking for pthread.h
[0.691s] -- Looking for pthread.h - found
[0.691s] -- Performing Test CMAKE_HAVE_LIBC_PTHREAD
[0.743s] -- Performing Test CMAKE_HAVE_LIBC_PTHREAD - Success
[0.743s] -- Found Threads: TRUE  
[0.782s] -- Found sensor_msgs: 4.9.0 (/opt/ros/humble/share/sensor_msgs/cmake)
[0.805s] -- Found cv_bridge: 3.2.1 (/opt/ros/humble/share/cv_bridge/cmake)
[0.810s] -- Found OpenCV: /usr/local (found version "4.12.0") 
[0.816s] -- Found installed version of Eigen: /usr/share/eigen3/cmake
[0.817s] -- Found required Ceres dependency: Eigen version 3.4.0 in /usr/include/eigen3
[0.819s] -- Found installed version of glog: /usr/lib/x86_64-linux-gnu/cmake/glog
[0.819s] -- Detected glog version: 0.4.0
[0.819s] -- Found required Ceres dependency: glog
[0.820s] -- Found installed version of gflags: /usr/lib/x86_64-linux-gnu/cmake/gflags
[0.820s] -- Detected gflags version: 2.2.2
[0.821s] -- Found required Ceres dependency: gflags
[0.821s] -- Found Ceres version: 1.14.0 installed in: /usr/local with components: [EigenSparse, SparseLinearAlgebraLibrary, LAPACK, SuiteSparse, CXSparse, SchurSpecializations, OpenMP, Multithreading]
[0.868s] -- Configuring done
[0.869s] [31mCMake Error at CMakeLists.txt:63 (add_library):
[0.870s]   Cannot find source file:
[0.870s] 
[0.870s]     /home/ovalene/DX_autoaim/windmill/src/WMIdentify.cpp
[0.870s] 
[0.870s]   Tried extensions .c .C .c++ .cc .cpp .cxx .cu .mpp .m .M .mm .ixx .cppm .h
[0.870s]   .hh .h++ .hm .hpp .hxx .in .txx .f .F .for .f77 .f90 .f95 .f03 .hip .ispc
[0.870s] 
[0.870s] [0m
[0.871s] [31mCMake Error at CMakeLists.txt:63 (add_library):
[0.871s]   No SOURCES given to target: rm_dx_vision
[0.871s] 
[0.871s] [0m
[0.871s] [0mCMake Generate step failed.  Build files cannot be regenerated correctly.[0m
[0.879s] Invoked command in '/home/xjturm/DX_autoaim/ros2/build/rm_dx_vision' returned '1': CMAKE_PREFIX_PATH=/opt/ros/humble /usr/bin/cmake /home/xjturm/DX_autoaim/ros2/src/rm_dx_vision -DCMAKE_BUILD_TYPE=Release -DAMENT_CMAKE_SYMLINK_INSTALL=1 -DCMAKE_INSTALL_PREFIX=/home/xjturm/DX_autoaim/ros2/install/rm_dx_vision
