[0.009s] Invoking command in '/home/xjturm/DX_autoaim/ros2/build/rm_camera_bingup': /usr/bin/cmake --build /home/xjturm/DX_autoaim/ros2/build/rm_camera_bingup -- -j20 -l20
[0.052s] [ 80%] Built target video_image_node
[0.052s] [100%] Built target hk_camera_node
[0.061s] Invoked command in '/home/xjturm/DX_autoaim/ros2/build/rm_camera_bingup' returned '0': /usr/bin/cmake --build /home/xjturm/DX_autoaim/ros2/build/rm_camera_bingup -- -j20 -l20
[0.068s] Invoking command in '/home/xjturm/DX_autoaim/ros2/build/rm_camera_bingup': /usr/bin/cmake --install /home/xjturm/DX_autoaim/ros2/build/rm_camera_bingup
[0.072s] -- Install configuration: "Release"
[0.072s] -- Up-to-date: /home/xjturm/DX_autoaim/ros2/install/rm_camera_bingup/lib/rm_camera_bingup/hk_camera_node
[0.072s] -- Up-to-date: /home/xjturm/DX_autoaim/ros2/install/rm_camera_bingup/lib/rm_camera_bingup/video_image_node
[0.072s] -- Up-to-date: /home/xjturm/DX_autoaim/ros2/install/rm_camera_bingup/share/rm_camera_bingup/launch
[0.072s] -- Up-to-date: /home/xjturm/DX_autoaim/ros2/install/rm_camera_bingup/share/rm_camera_bingup/launch/hk_camera.launch.py
[0.073s] -- Up-to-date: /home/xjturm/DX_autoaim/ros2/install/rm_camera_bingup/share/rm_camera_bingup/launch/video_player.launch.py
[0.073s] -- Up-to-date: /home/xjturm/DX_autoaim/ros2/install/rm_camera_bingup/share/rm_camera_bingup/config
[0.073s] -- Up-to-date: /home/xjturm/DX_autoaim/ros2/install/rm_camera_bingup/share/rm_camera_bingup/config/camera_params.yaml
[0.073s] -- Up-to-date: /home/xjturm/DX_autoaim/ros2/install/rm_camera_bingup/share/ament_index/resource_index/package_run_dependencies/rm_camera_bingup
[0.073s] -- Up-to-date: /home/xjturm/DX_autoaim/ros2/install/rm_camera_bingup/share/ament_index/resource_index/parent_prefix_path/rm_camera_bingup
[0.073s] -- Up-to-date: /home/xjturm/DX_autoaim/ros2/install/rm_camera_bingup/share/rm_camera_bingup/environment/ament_prefix_path.sh
[0.073s] -- Up-to-date: /home/xjturm/DX_autoaim/ros2/install/rm_camera_bingup/share/rm_camera_bingup/environment/ament_prefix_path.dsv
[0.073s] -- Up-to-date: /home/xjturm/DX_autoaim/ros2/install/rm_camera_bingup/share/rm_camera_bingup/environment/path.sh
[0.073s] -- Up-to-date: /home/xjturm/DX_autoaim/ros2/install/rm_camera_bingup/share/rm_camera_bingup/environment/path.dsv
[0.073s] -- Up-to-date: /home/xjturm/DX_autoaim/ros2/install/rm_camera_bingup/share/rm_camera_bingup/local_setup.bash
[0.073s] -- Up-to-date: /home/xjturm/DX_autoaim/ros2/install/rm_camera_bingup/share/rm_camera_bingup/local_setup.sh
[0.073s] -- Up-to-date: /home/xjturm/DX_autoaim/ros2/install/rm_camera_bingup/share/rm_camera_bingup/local_setup.zsh
[0.073s] -- Up-to-date: /home/xjturm/DX_autoaim/ros2/install/rm_camera_bingup/share/rm_camera_bingup/local_setup.dsv
[0.074s] -- Installing: /home/xjturm/DX_autoaim/ros2/install/rm_camera_bingup/share/rm_camera_bingup/package.dsv
[0.074s] -- Up-to-date: /home/xjturm/DX_autoaim/ros2/install/rm_camera_bingup/share/ament_index/resource_index/packages/rm_camera_bingup
[0.074s] -- Up-to-date: /home/xjturm/DX_autoaim/ros2/install/rm_camera_bingup/share/rm_camera_bingup/cmake/rm_camera_bingupConfig.cmake
[0.074s] -- Up-to-date: /home/xjturm/DX_autoaim/ros2/install/rm_camera_bingup/share/rm_camera_bingup/cmake/rm_camera_bingupConfig-version.cmake
[0.074s] -- Up-to-date: /home/xjturm/DX_autoaim/ros2/install/rm_camera_bingup/share/rm_camera_bingup/package.xml
[0.074s] Invoked command in '/home/xjturm/DX_autoaim/ros2/build/rm_camera_bingup' returned '0': /usr/bin/cmake --install /home/xjturm/DX_autoaim/ros2/build/rm_camera_bingup
