[0.010s] Invoking command in '/home/xjturm/DX_autoaim/ros2/build/rm_camera_bingup': /usr/bin/cmake /home/xjturm/DX_autoaim/ros2/src/rm_camera_bingup -DCMAKE_BUILD_TYPE=Release -DCATKIN_INSTALL_INTO_PREFIX_ROOT=0 -DCATKIN_SYMLINK_INSTALL=ON -DCMAKE_INSTALL_PREFIX=/home/xjturm/DX_autoaim/ros2/install/rm_camera_bingup
[0.075s] -- The C compiler identification is GNU 11.4.0
[0.140s] -- The CXX compiler identification is GNU 11.4.0
[0.144s] -- Detecting C compiler ABI info
[0.192s] -- Detecting C compiler ABI info - done
[0.196s] -- Check for working C compiler: /usr/bin/cc - skipped
[0.196s] -- Detecting C compile features
[0.196s] -- Detecting C compile features - done
[0.198s] -- Detecting CXX compiler ABI info
[0.255s] -- Detecting CXX compiler ABI info - done
[0.259s] -- Check for working CXX compiler: /usr/bin/c++ - skipped
[0.259s] -- Detecting CXX compile features
[0.259s] -- Detecting CXX compile features - done
[0.262s] -- Found ament_cmake: 1.3.12 (/opt/ros/humble/share/ament_cmake/cmake)
[0.363s] -- Found Python3: /usr/bin/python3 (found version "3.10.12") found components: Interpreter 
[0.429s] -- Found rclcpp: 16.0.15 (/opt/ros/humble/share/rclcpp/cmake)
[0.462s] -- Found rosidl_generator_c: 3.1.7 (/opt/ros/humble/share/rosidl_generator_c/cmake)
[0.465s] -- Found rosidl_adapter: 3.1.7 (/opt/ros/humble/share/rosidl_adapter/cmake)
[0.472s] -- Found rosidl_generator_cpp: 3.1.7 (/opt/ros/humble/share/rosidl_generator_cpp/cmake)
[0.481s] -- Using all available rosidl_typesupport_c: rosidl_typesupport_fastrtps_c;rosidl_typesupport_introspection_c
[0.493s] -- Using all available rosidl_typesupport_cpp: rosidl_typesupport_fastrtps_cpp;rosidl_typesupport_introspection_cpp
[0.526s] -- Found rmw_implementation_cmake: 6.1.2 (/opt/ros/humble/share/rmw_implementation_cmake/cmake)
[0.528s] -- Found rmw_fastrtps_cpp: 6.2.8 (/opt/ros/humble/share/rmw_fastrtps_cpp/cmake)
[0.589s] -- Found OpenSSL: /usr/lib/x86_64-linux-gnu/libcrypto.so (found version "3.0.2")  
[0.606s] -- Found FastRTPS: /opt/ros/humble/include  
[0.630s] -- Using RMW implementation 'rmw_fastrtps_cpp' as default
[0.640s] -- Looking for pthread.h
[0.696s] -- Looking for pthread.h - found
[0.696s] -- Performing Test CMAKE_HAVE_LIBC_PTHREAD
[0.748s] -- Performing Test CMAKE_HAVE_LIBC_PTHREAD - Success
[0.749s] -- Found Threads: TRUE  
[0.788s] -- Found sensor_msgs: 4.9.0 (/opt/ros/humble/share/sensor_msgs/cmake)
[0.811s] -- Found cv_bridge: 3.2.1 (/opt/ros/humble/share/cv_bridge/cmake)
[0.816s] -- Found OpenCV: /usr/local (found version "4.12.0") 
[0.863s] -- Configuring done
[0.871s] -- Generating done
[0.872s] [33mCMake Warning:
[0.872s]   Manually-specified variables were not used by the project:
[0.872s] 
[0.872s]     CATKIN_INSTALL_INTO_PREFIX_ROOT
[0.872s]     CATKIN_SYMLINK_INSTALL
[0.872s] 
[0.872s] [0m
[0.875s] -- Build files have been written to: /home/xjturm/DX_autoaim/ros2/build/rm_camera_bingup
[0.883s] Invoked command in '/home/xjturm/DX_autoaim/ros2/build/rm_camera_bingup' returned '0': /usr/bin/cmake /home/xjturm/DX_autoaim/ros2/src/rm_camera_bingup -DCMAKE_BUILD_TYPE=Release -DCATKIN_INSTALL_INTO_PREFIX_ROOT=0 -DCATKIN_SYMLINK_INSTALL=ON -DCMAKE_INSTALL_PREFIX=/home/xjturm/DX_autoaim/ros2/install/rm_camera_bingup
[0.884s] Invoking command in '/home/xjturm/DX_autoaim/ros2/build/rm_camera_bingup': /usr/bin/cmake --build /home/xjturm/DX_autoaim/ros2/build/rm_camera_bingup -- -j20 -l20
[0.922s] [ 20%] [32mBuilding CXX object CMakeFiles/video_image_node.dir/src/video_image_node.cpp.o[0m
[0.922s] [ 40%] [32mBuilding CXX object CMakeFiles/hk_camera_node.dir/src/camera.cpp.o[0m
[0.923s] [ 60%] [32mBuilding CXX object CMakeFiles/hk_camera_node.dir/src/hk_camera_node.cpp.o[0m
[5.565s] [ 80%] [32m[1mLinking CXX executable video_image_node[0m
[5.586s] [100%] [32m[1mLinking CXX executable hk_camera_node[0m
[5.661s] /usr/bin/ld: warning: libopencv_imgcodecs.so.4.5d, needed by /opt/ros/humble/lib/libcv_bridge.so, may conflict with libopencv_imgcodecs.so.412
[5.662s] /usr/bin/ld/usr/bin/ld: warning: : warning: libopencv_imgproc.so.4.5dlibopencv_imgproc.so.4.5d, needed by , needed by /opt/ros/humble/lib/libcv_bridge.so/opt/ros/humble/lib/libcv_bridge.so, may conflict with , may conflict with libopencv_imgproc.so.412libopencv_imgproc.so.412
[5.662s] 
[5.663s] /usr/bin/ld: warning: libopencv_core.so.4.5d, needed by /opt/ros/humble/lib/libcv_bridge.so, may conflict with libopencv_core.so.412
[5.663s] /usr/bin/ld: warning: libopencv_core.so.4.5d, needed by /opt/ros/humble/lib/libcv_bridge.so, may conflict with libopencv_core.so.412
[5.882s] [100%] Built target hk_camera_node
[5.896s] [100%] Built target video_image_node
