[0.009s] Invoking command in '/home/xjturm/DX_autoaim/ros2/build/rm_comm_ros2': CMAKE_PREFIX_PATH=/opt/ros/humble /usr/bin/cmake --build /home/xjturm/DX_autoaim/ros2/build/rm_comm_ros2 -- -j20 -l20
[0.050s] [100%] Built target serial_rw_node
[0.065s] Invoked command in '/home/xjturm/DX_autoaim/ros2/build/rm_comm_ros2' returned '0': CMAKE_PREFIX_PATH=/opt/ros/humble /usr/bin/cmake --build /home/xjturm/DX_autoaim/ros2/build/rm_comm_ros2 -- -j20 -l20
[0.066s] Invoking command in '/home/xjturm/DX_autoaim/ros2/build/rm_comm_ros2': CMAKE_PREFIX_PATH=/opt/ros/humble /usr/bin/cmake --install /home/xjturm/DX_autoaim/ros2/build/rm_comm_ros2
[0.072s] -- Install configuration: "Release"
[0.072s] -- Execute custom install script
[0.072s] -- Up-to-date symlink: /home/xjturm/DX_autoaim/ros2/install/rm_comm_ros2/lib/rm_comm_ros2/serial_rw_node
[0.072s] -- Up-to-date symlink: /home/xjturm/DX_autoaim/ros2/install/rm_comm_ros2/include/rm_comm_ros2/packet_utils.hpp
[0.073s] -- Up-to-date symlink: /home/xjturm/DX_autoaim/ros2/install/rm_comm_ros2/include/rm_comm_ros2/protocol.h
[0.073s] -- Up-to-date symlink: /home/xjturm/DX_autoaim/ros2/install/rm_comm_ros2/share/rm_comm_ros2/launch/rm_comm_bringup.launch.py
[0.073s] -- Up-to-date symlink: /home/xjturm/DX_autoaim/ros2/install/rm_comm_ros2/share/ament_index/resource_index/package_run_dependencies/rm_comm_ros2
[0.073s] -- Up-to-date symlink: /home/xjturm/DX_autoaim/ros2/install/rm_comm_ros2/share/ament_index/resource_index/parent_prefix_path/rm_comm_ros2
[0.073s] -- Up-to-date symlink: /home/xjturm/DX_autoaim/ros2/install/rm_comm_ros2/share/rm_comm_ros2/environment/ament_prefix_path.sh
[0.073s] -- Up-to-date symlink: /home/xjturm/DX_autoaim/ros2/install/rm_comm_ros2/share/rm_comm_ros2/environment/ament_prefix_path.dsv
[0.073s] -- Up-to-date symlink: /home/xjturm/DX_autoaim/ros2/install/rm_comm_ros2/share/rm_comm_ros2/environment/path.sh
[0.073s] -- Up-to-date symlink: /home/xjturm/DX_autoaim/ros2/install/rm_comm_ros2/share/rm_comm_ros2/environment/path.dsv
[0.073s] -- Up-to-date symlink: /home/xjturm/DX_autoaim/ros2/install/rm_comm_ros2/share/rm_comm_ros2/local_setup.bash
[0.073s] -- Up-to-date symlink: /home/xjturm/DX_autoaim/ros2/install/rm_comm_ros2/share/rm_comm_ros2/local_setup.sh
[0.074s] -- Up-to-date symlink: /home/xjturm/DX_autoaim/ros2/install/rm_comm_ros2/share/rm_comm_ros2/local_setup.zsh
[0.074s] -- Up-to-date symlink: /home/xjturm/DX_autoaim/ros2/install/rm_comm_ros2/share/rm_comm_ros2/local_setup.dsv
[0.074s] -- Symlinking: /home/xjturm/DX_autoaim/ros2/install/rm_comm_ros2/share/rm_comm_ros2/package.dsv
[0.080s] -- Up-to-date symlink: /home/xjturm/DX_autoaim/ros2/install/rm_comm_ros2/share/ament_index/resource_index/packages/rm_comm_ros2
[0.080s] -- Up-to-date symlink: /home/xjturm/DX_autoaim/ros2/install/rm_comm_ros2/share/rm_comm_ros2/cmake/rm_comm_ros2Config.cmake
[0.080s] -- Up-to-date symlink: /home/xjturm/DX_autoaim/ros2/install/rm_comm_ros2/share/rm_comm_ros2/cmake/rm_comm_ros2Config-version.cmake
[0.080s] -- Up-to-date symlink: /home/xjturm/DX_autoaim/ros2/install/rm_comm_ros2/share/rm_comm_ros2/package.xml
[0.086s] Invoked command in '/home/xjturm/DX_autoaim/ros2/build/rm_comm_ros2' returned '0': CMAKE_PREFIX_PATH=/opt/ros/humble /usr/bin/cmake --install /home/xjturm/DX_autoaim/ros2/build/rm_comm_ros2
