[0.009s] Invoking command in '/home/xjturm/DX_autoaim/ros2/build/rm_comm_ros2': CMAKE_PREFIX_PATH=/opt/ros/humble /usr/bin/cmake /home/xjturm/DX_autoaim/ros2/src/rm_comm_ros2 -DCMAKE_BUILD_TYPE=Release -DAMENT_CMAKE_SYMLINK_INSTALL=1 -DCMAKE_INSTALL_PREFIX=/home/xjturm/DX_autoaim/ros2/install/rm_comm_ros2
[0.071s] -- The C compiler identification is GNU 11.4.0
[0.134s] -- The CXX compiler identification is GNU 11.4.0
[0.139s] -- Detecting C compiler ABI info
[0.186s] -- Detecting C compiler ABI info - done
[0.190s] -- Check for working C compiler: /usr/bin/cc - skipped
[0.190s] -- Detecting C compile features
[0.191s] -- Detecting C compile features - done
[0.193s] -- Detecting CXX compiler ABI info
[0.250s] -- Detecting CXX compiler ABI info - done
[0.257s] -- Check for working CXX compiler: /usr/bin/c++ - skipped
[0.257s] -- Detecting CXX compile features
[0.257s] -- Detecting CXX compile features - done
[0.258s] -- Found ament_cmake: 1.3.12 (/opt/ros/humble/share/ament_cmake/cmake)
[0.359s] -- Found Python3: /usr/bin/python3 (found version "3.10.12") found components: Interpreter 
[0.405s] -- Override CMake install command with custom implementation using symlinks instead of copying resources
[0.425s] -- Found rclcpp: 16.0.15 (/opt/ros/humble/share/rclcpp/cmake)
[0.457s] -- Found rosidl_generator_c: 3.1.7 (/opt/ros/humble/share/rosidl_generator_c/cmake)
[0.461s] -- Found rosidl_adapter: 3.1.7 (/opt/ros/humble/share/rosidl_adapter/cmake)
[0.467s] -- Found rosidl_generator_cpp: 3.1.7 (/opt/ros/humble/share/rosidl_generator_cpp/cmake)
[0.477s] -- Using all available rosidl_typesupport_c: rosidl_typesupport_fastrtps_c;rosidl_typesupport_introspection_c
[0.489s] -- Using all available rosidl_typesupport_cpp: rosidl_typesupport_fastrtps_cpp;rosidl_typesupport_introspection_cpp
[0.522s] -- Found rmw_implementation_cmake: 6.1.2 (/opt/ros/humble/share/rmw_implementation_cmake/cmake)
[0.524s] -- Found rmw_fastrtps_cpp: 6.2.8 (/opt/ros/humble/share/rmw_fastrtps_cpp/cmake)
[0.585s] -- Found OpenSSL: /usr/lib/x86_64-linux-gnu/libcrypto.so (found version "3.0.2")  
[0.602s] -- Found FastRTPS: /opt/ros/humble/include  
[0.629s] -- Using RMW implementation 'rmw_fastrtps_cpp' as default
[0.635s] -- Looking for pthread.h
[0.692s] -- Looking for pthread.h - found
[0.692s] -- Performing Test CMAKE_HAVE_LIBC_PTHREAD
[0.745s] -- Performing Test CMAKE_HAVE_LIBC_PTHREAD - Success
[0.745s] -- Found Threads: TRUE  
[0.783s] -- Found geometry_msgs: 4.9.0 (/opt/ros/humble/share/geometry_msgs/cmake)
[0.795s] -- Found nav_msgs: 4.9.0 (/opt/ros/humble/share/nav_msgs/cmake)
[0.859s] -- Configuring done
[0.864s] -- Generating done
[0.866s] -- Build files have been written to: /home/xjturm/DX_autoaim/ros2/build/rm_comm_ros2
[0.872s] Invoked command in '/home/xjturm/DX_autoaim/ros2/build/rm_comm_ros2' returned '0': CMAKE_PREFIX_PATH=/opt/ros/humble /usr/bin/cmake /home/xjturm/DX_autoaim/ros2/src/rm_comm_ros2 -DCMAKE_BUILD_TYPE=Release -DAMENT_CMAKE_SYMLINK_INSTALL=1 -DCMAKE_INSTALL_PREFIX=/home/xjturm/DX_autoaim/ros2/install/rm_comm_ros2
[0.875s] Invoking command in '/home/xjturm/DX_autoaim/ros2/build/rm_comm_ros2': CMAKE_PREFIX_PATH=/opt/ros/humble /usr/bin/cmake --build /home/xjturm/DX_autoaim/ros2/build/rm_comm_ros2 -- -j20 -l20
[0.908s] [ 50%] [32mBuilding CXX object CMakeFiles/serial_rw_node.dir/src/serial_rw_node.cpp.o[0m
[4.138s] [01m[K/home/xjturm/DX_autoaim/ros2/src/rm_comm_ros2/src/serial_rw_node.cpp:[m[K In member function ‘[01m[Kvoid SerialRwNode::setupSharedMemory()[m[K’:
[4.138s] [01m[K/home/xjturm/DX_autoaim/ros2/src/rm_comm_ros2/src/serial_rw_node.cpp:284:14:[m[K [01;35m[Kwarning: [m[Kignoring return value of ‘[01m[Kint ftruncate(int, __off_t)[m[K’ declared with attribute ‘[01m[Kwarn_unused_result[m[K’ [[01;35m[K]8;;https://gcc.gnu.org/onlinedocs/gcc/Warning-Options.html#index-Wunused-result-Wunused-result]8;;[m[K]
[4.138s]   284 |     [01;35m[Kftruncate(tx_shm_fd_, sizeof(ShmTx))[m[K;
[4.138s]       |     [01;35m[K~~~~~~~~~^~~~~~~~~~~~~~~~~~~~~~~~~~~[m[K
[4.138s] [01m[K/home/xjturm/DX_autoaim/ros2/src/rm_comm_ros2/src/serial_rw_node.cpp:285:14:[m[K [01;35m[Kwarning: [m[Kignoring return value of ‘[01m[Kint ftruncate(int, __off_t)[m[K’ declared with attribute ‘[01m[Kwarn_unused_result[m[K’ [[01;35m[K]8;;https://gcc.gnu.org/onlinedocs/gcc/Warning-Options.html#index-Wunused-result-Wunused-result]8;;[m[K]
[4.138s]   285 |     [01;35m[Kftruncate(rx_shm_fd_, sizeof(ShmRx))[m[K;
[4.138s]       |     [01;35m[K~~~~~~~~~^~~~~~~~~~~~~~~~~~~~~~~~~~~[m[K
[7.893s] [100%] [32m[1mLinking CXX executable serial_rw_node[0m
[7.991s] [100%] Built target serial_rw_node
